<?xml version="1.0" encoding="UTF-8"?>
<!-- Generated by org.testng.reporters.JUnitReportReporter -->
<testsuite hostname="LAPTOP-07CLOJTI" failures="0" tests="1" name="com.practice.WriteDataFromExcelTest" time="2.563" errors="0" timestamp="2022-02-17T17:03:36 IST" skipped="0">
  <testcase classname="com.practice.WriteDataFromExcelTest" name="ReadDatafromExcel" time="2.563"/>
  <system-out/>
</testsuite> <!-- com.practice.WriteDataFromExcelTest -->
