<?xml version="1.0" encoding="UTF-8"?>
<!-- Generated by org.testng.reporters.JUnitReportReporter -->
<testsuite hostname="LAPTOP-07CLOJTI" failures="0" tests="1" name="com.practice.ReadDataFromExcelSheetTest" time="1.921" errors="0" timestamp="2022-02-17T17:02:29 IST" skipped="0">
  <testcase classname="com.practice.ReadDataFromExcelSheetTest" name="ReadDataFromExcel" time="1.921"/>
  <system-out/>
</testsuite> <!-- com.practice.ReadDataFromExcelSheetTest -->
