<?xml version="1.0" encoding="UTF-8"?>
<!-- Generated by org.testng.reporters.JUnitReportReporter -->
<testsuite hostname="LAPTOP-07CLOJTI" failures="0" tests="1" name="com.practice.demoTest" time="0.025" errors="0" timestamp="2022-02-17T11:47:38 IST" skipped="0">
  <testcase classname="com.practice.demoTest" name="demo" time="0.025"/>
  <system-out/>
</testsuite> <!-- com.practice.demoTest -->
