<?xml version="1.0" encoding="UTF-8"?>
<!-- Generated by org.testng.reporters.JUnitReportReporter -->
<testsuite hostname="LAPTOP-07CLOJTI" failures="0" tests="1" name="com.crm.OraganizationTest.CreateOrganizationwithPropertyFileTest" time="118.388" errors="0" timestamp="2022-03-02T16:45:38 IST" skipped="0">
  <testcase classname="com.crm.OraganizationTest.CreateOrganizationwithPropertyFileTest" name="createOrgTest" time="118.388"/>
  <system-out/>
</testsuite> <!-- com.crm.OraganizationTest.CreateOrganizationwithPropertyFileTest -->
