<?xml version="1.0" encoding="UTF-8"?>
<!-- Generated by org.testng.reporters.JUnitReportReporter -->
<testsuite hostname="LAPTOP-07CLOJTI" failures="0" tests="6" name="DataProvide.SampleDataProvider2" time="0.043" errors="0" timestamp="2022-02-28T15:44:21 IST" skipped="0">
  <testcase classname="DataProvide.SampleDataProvider2" name="sampleDataProvide2" time="0.011"/>
  <system-out/>
  <testcase classname="DataProvide.SampleDataProvider2" name="sampleDataProvide2" time="0.017"/>
  <system-out/>
  <testcase classname="DataProvide.SampleDataProvider2" name="sampleDataProvide2" time="0.003"/>
  <system-out/>
  <testcase classname="DataProvide.SampleDataProvider2" name="sampleDataProvide2" time="0.004"/>
  <system-out/>
  <testcase classname="DataProvide.SampleDataProvider2" name="sampleDataProvide2" time="0.005"/>
  <system-out/>
  <testcase classname="DataProvide.SampleDataProvider2" name="sampleDataProvide2" time="0.003"/>
  <system-out/>
</testsuite> <!-- DataProvide.SampleDataProvider2 -->
