<?xml version="1.0" encoding="UTF-8"?>
<!-- Generated by org.testng.reporters.JUnitReportReporter -->
<testsuite hostname="LAPTOP-07CLOJTI" failures="0" tests="1" name="com.Organization.CreateOrgwithShippingAddrTest" time="54.953" errors="0" timestamp="2022-02-19T11:27:09 IST" skipped="0">
  <testcase classname="com.Organization.CreateOrgwithShippingAddrTest" name="ShippingAddrTest" time="54.953"/>
  <system-out/>
</testsuite> <!-- com.Organization.CreateOrgwithShippingAddrTest -->
