<?xml version="1.0" encoding="UTF-8"?>
<!-- Generated by org.testng.reporters.JUnitReportReporter -->
<testsuite hostname="LAPTOP-07CLOJTI" failures="0" tests="1" name="com.practice.ReadDataFromCmdLineTest" time="0.034" errors="0" timestamp="2022-02-17T12:56:12 IST" skipped="0">
  <testcase classname="com.practice.ReadDataFromCmdLineTest" name="readDataFromCmdLine" time="0.034"/>
  <system-out/>
</testsuite> <!-- com.practice.ReadDataFromCmdLineTest -->
