<?xml version="1.0" encoding="UTF-8"?>
<!-- Generated by org.testng.reporters.JUnitReportReporter -->
<testsuite hostname="LAPTOP-07CLOJTI" failures="0" tests="1" name="com.practice.HandleCalenderPopUp" time="24.732" errors="0" timestamp="2022-03-09T21:53:26 IST" skipped="0">
  <testcase classname="com.practice.HandleCalenderPopUp" name="calender" time="24.732"/>
  <system-out/>
</testsuite> <!-- com.practice.HandleCalenderPopUp -->
