<?xml version="1.0" encoding="UTF-8"?>
<!-- Generated by org.testng.reporters.JUnitReportReporter -->
<testsuite hostname="LAPTOP-07CLOJTI" failures="0" tests="4" name="DataProvide.SampleDataProvider" time="0.068" errors="0" timestamp="2022-02-28T15:37:10 IST" skipped="0">
  <testcase classname="DataProvide.SampleDataProvider" name="sampleDataProvider" time="0.018"/>
  <system-out/>
  <testcase classname="DataProvide.SampleDataProvider" name="sampleDataProvider" time="0.006"/>
  <system-out/>
  <testcase classname="DataProvide.SampleDataProvider" name="sampleDataProvider" time="0.039"/>
  <system-out/>
  <testcase classname="DataProvide.SampleDataProvider" name="sampleDataProvider" time="0.005"/>
  <system-out/>
</testsuite> <!-- DataProvide.SampleDataProvider -->
