<?xml version="1.0" encoding="UTF-8"?>
<!-- Generated by org.testng.reporters.JUnitReportReporter -->
<testsuite hostname="LAPTOP-07CLOJTI" failures="0" tests="1" name="com.Organization.CreateOrgWithBillinfAddrTest" time="55.821" errors="0" timestamp="2022-02-19T11:36:53 IST" skipped="0">
  <testcase classname="com.Organization.CreateOrgWithBillinfAddrTest" name="CreateBillingAddre" time="55.821"/>
  <system-out/>
</testsuite> <!-- com.Organization.CreateOrgWithBillinfAddrTest -->
