<?xml version="1.0" encoding="UTF-8"?>
<!-- Generated by org.testng.reporters.JUnitReportReporter -->
<testsuite hostname="LAPTOP-07CLOJTI" failures="0" tests="1" name="com.practice.PropertyFilePractice" time="0.024" errors="0" timestamp="2022-02-17T12:18:26 IST" skipped="0">
  <testcase classname="com.practice.PropertyFilePractice" name="propertyFile" time="0.024"/>
  <system-out/>
</testsuite> <!-- com.practice.PropertyFilePractice -->
