<?xml version="1.0" encoding="UTF-8"?>
<!-- Generated by org.testng.reporters.JUnitReportReporter -->
<testsuite hostname="LAPTOP-07CLOJTI" failures="0" tests="1" name="com.practice.GoibiboCalender" time="65.300" errors="0" timestamp="2022-03-09T15:59:15 IST" skipped="0">
  <testcase classname="com.practice.GoibiboCalender" name="calender" time="65.300"/>
  <system-out/>
</testsuite> <!-- com.practice.GoibiboCalender -->
