<?xml version="1.0" encoding="UTF-8"?>
<!-- Generated by org.testng.reporters.JUnitReportReporter -->
<testsuite hostname="LAPTOP-07CLOJTI" failures="0" tests="1" name="com.Organization.CreateOrgwithoutShipingTest" time="68.650" errors="0" timestamp="2022-02-21T10:41:10 IST" skipped="0">
  <testcase classname="com.Organization.CreateOrgwithoutShipingTest" name="Createwithoutshippingtest" time="68.650"/>
  <system-out/>
</testsuite> <!-- com.Organization.CreateOrgwithoutShipingTest -->
