<?xml version="1.0" encoding="UTF-8"?>
<!-- Generated by org.testng.reporters.JUnitReportReporter -->
<testsuite hostname="LAPTOP-07CLOJTI" failures="0" tests="1" name="com.crm.ContactTest.CreateContactwithOrgTest" time="71.986" errors="0" timestamp="2022-03-02T10:33:34 IST" skipped="0">
  <testcase classname="com.crm.ContactTest.CreateContactwithOrgTest" name="createContact" time="71.986"/>
  <system-out/>
</testsuite> <!-- com.crm.ContactTest.CreateContactwithOrgTest -->
