<?xml version="1.0" encoding="UTF-8"?>
<!-- Generated by org.testng.reporters.JUnitReportReporter -->
<testsuite hostname="LAPTOP-07CLOJTI" failures="0" tests="1" name="com.practice.PracticeForGenericUtils" time="2.254" errors="0" timestamp="2022-02-21T17:25:54 IST" skipped="0">
  <testcase classname="com.practice.PracticeForGenericUtils" name="PracticeUtils" time="2.254"/>
  <system-out/>
</testsuite> <!-- com.practice.PracticeForGenericUtils -->
