<?xml version="1.0" encoding="UTF-8"?>
<!-- Generated by org.testng.reporters.JUnitReportReporter -->
<testsuite hostname="LAPTOP-07CLOJTI" failures="0" tests="1" name="com.practice.PracticeRetry" time="0.032" errors="0" timestamp="2022-03-04T14:51:01 IST" skipped="0">
  <testcase classname="com.practice.PracticeRetry" name="practice" time="0.032"/>
  <system-out/>
</testsuite> <!-- com.practice.PracticeRetry -->
