<?xml version="1.0" encoding="UTF-8"?>
<!-- Generated by org.testng.reporters.JUnitReportReporter -->
<testsuite hostname="LAPTOP-07CLOJTI" failures="0" tests="1" name="com.practice.ReadDataFromSuiteXMLFileTest" time="0.024" errors="0" timestamp="2022-02-17T15:25:15 IST" skipped="0">
  <testcase classname="com.practice.ReadDataFromSuiteXMLFileTest" name="readDataFromXML" time="0.024"/>
  <system-out/>
</testsuite> <!-- com.practice.ReadDataFromSuiteXMLFileTest -->
